[    0.000000] Linux version 4.15.0-159-generic (buildd@lgw01-amd64-055) (gcc version 7.5.0 (Ubuntu 7.5.0-3ubuntu1~18.04)) #167-Ubuntu SMP Tue Sep 21 08:55:05 UTC 2021 (Ubuntu 4.15.0-159.167-generic 4.15.18)
[    0.000000] Command line: BOOT_IMAGE=/boot/vmlinuz-4.15.0-159-generic root=LABEL=cloudimg-rootfs ro console=tty1 console=ttyS0
[    0.000000] KERNEL supported cpus:
[    0.000000]   Intel GenuineIntel
[    0.000000]   AMD AuthenticAMD
[    0.000000]   Centaur CentaurHauls
[    0.000000] x86/fpu: x87 FPU will use FXSAVE
[    0.000000] e820: BIOS-provided physical RAM map:
[    0.000000] BIOS-e820: [mem 0x0000000000000000-0x000000000009fbff] usable
[    0.000000] BIOS-e820: [mem 0x000000000009fc00-0x000000000009ffff] reserved
[    0.000000] BIOS-e820: [mem 0x00000000000f0000-0x00000000000fffff] reserved
[    0.000000] BIOS-e820: [mem 0x0000000000100000-0x000000003ffeffff] usable
[    0.000000] BIOS-e820: [mem 0x000000003fff0000-0x000000003fffffff] ACPI data
[    0.000000] BIOS-e820: [mem 0x00000000fec00000-0x00000000fec00fff] reserved
[    0.000000] BIOS-e820: [mem 0x00000000fee00000-0x00000000fee00fff] reserved
[    0.000000] BIOS-e820: [mem 0x00000000fffc0000-0x00000000ffffffff] reserved
[    0.000000] NX (Execute Disable) protection: active
[    0.000000] SMBIOS 2.5 present.
[    0.000000] DMI: innotek GmbH VirtualBox/VirtualBox, BIOS VirtualBox 12/01/2006
[    0.000000] Hypervisor detected: KVM
[    0.000000] e820: last_pfn = 0x3fff0 max_arch_pfn = 0x400000000
[    0.000000] MTRR: Disabled
[    0.000000] x86/PAT: MTRRs disabled, skipping PAT initialization too.
[    0.000000] CPU MTRRs all blank - virtualized system.
[    0.000000] x86/PAT: Configuration [0-7]: WB  WT  UC- UC  WB  WT  UC- UC  
[    0.000000] found SMP MP-table at [mem 0x0009fff0-0x0009ffff]
[    0.000000] Scanning 1 areas for low memory corruption
[    0.000000] RAMDISK: [mem 0x359cb000-0x36cdcfff]
[    0.000000] ACPI: Early table checksum verification disabled
[    0.000000] ACPI: RSDP 0x00000000000E0000 000024 (v02 VBOX  )
[    0.000000] ACPI: XSDT 0x000000003FFF0030 00003C (v01 VBOX   VBOXXSDT 00000001 ASL  00000061)
[    0.000000] ACPI: FACP 0x000000003FFF00F0 0000F4 (v04 VBOX   VBOXFACP 00000001 ASL  00000061)
[    0.000000] ACPI: DSDT 0x000000003FFF0470 002325 (v02 VBOX   VBOXBIOS 00000002 INTL 20100528)
[    0.000000] ACPI: FACS 0x000000003FFF0200 000040
[    0.000000] ACPI: FACS 0x000000003FFF0200 000040
[    0.000000] ACPI: APIC 0x000000003FFF0240 00005C (v02 VBOX   VBOXAPIC 00000001 ASL  00000061)
[    0.000000] ACPI: SSDT 0x000000003FFF02A0 0001CC (v01 VBOX   VBOXCPUT 00000002 INTL 20100528)
[    0.000000] ACPI: Reserving FACP table memory at [mem 0x3fff00f0-0x3fff01e3]
[    0.000000] ACPI: Reserving DSDT table memory at [mem 0x3fff0470-0x3fff2794]
[    0.000000] ACPI: Reserving FACS table memory at [mem 0x3fff0200-0x3fff023f]
[    0.000000] ACPI: Reserving FACS table memory at [mem 0x3fff0200-0x3fff023f]
[    0.000000] ACPI: Reserving APIC table memory at [mem 0x3fff0240-0x3fff029b]
[    0.000000] ACPI: Reserving SSDT table memory at [mem 0x3fff02a0-0x3fff046b]
[    0.000000] No NUMA configuration found
[    0.000000] Faking a node at [mem 0x0000000000000000-0x000000003ffeffff]
[    0.000000] NODE_DATA(0) allocated [mem 0x3ffc5000-0x3ffeffff]
[    0.000000] kvm-clock: cpu 0, msr 0:3ff44001, primary cpu clock
[    0.000000] kvm-clock: Using msrs 4b564d01 and 4b564d00
[    0.000000] kvm-clock: using sched offset of 7327973640 cycles
[    0.000000] clocksource: kvm-clock: mask: 0xffffffffffffffff max_cycles: 0x1cd42e4dffb, max_idle_ns: 881590591483 ns
[    0.000000] Zone ranges:
[    0.000000]   DMA      [mem 0x0000000000001000-0x0000000000ffffff]
[    0.000000]   DMA32    [mem 0x0000000001000000-0x000000003ffeffff]
[    0.000000]   Normal   empty
[    0.000000]   Device   empty
[    0.000000] Movable zone start for each node
[    0.000000] Early memory node ranges
[    0.000000]   node   0: [mem 0x0000000000001000-0x000000000009efff]
[    0.000000]   node   0: [mem 0x0000000000100000-0x000000003ffeffff]
[    0.000000] Reserved but unavailable: 104 pages
[    0.000000] Initmem setup node 0 [mem 0x0000000000001000-0x000000003ffeffff]
[    0.000000] ACPI: PM-Timer IO Port: 0x4008
[    0.000000] IOAPIC[0]: apic_id 2, version 32, address 0xfec00000, GSI 0-23
[    0.000000] ACPI: INT_SRC_OVR (bus 0 bus_irq 0 global_irq 2 dfl dfl)
[    0.000000] ACPI: INT_SRC_OVR (bus 0 bus_irq 9 global_irq 9 low level)
[    0.000000] Using ACPI (MADT) for SMP configuration information
[    0.000000] smpboot: Allowing 2 CPUs, 0 hotplug CPUs
[    0.000000] PM: Registered nosave memory: [mem 0x00000000-0x00000fff]
[    0.000000] PM: Registered nosave memory: [mem 0x0009f000-0x0009ffff]
[    0.000000] PM: Registered nosave memory: [mem 0x000a0000-0x000effff]
[    0.000000] PM: Registered nosave memory: [mem 0x000f0000-0x000fffff]
[    0.000000] e820: [mem 0x40000000-0xfebfffff] available for PCI devices
[    0.000000] Booting paravirtualized kernel on KVM
[    0.000000] clocksource: refined-jiffies: mask: 0xffffffff max_cycles: 0xffffffff, max_idle_ns: 7645519600211568 ns
[    0.000000] random: get_random_bytes called from start_kernel+0x99/0x500 with crng_init=0
[    0.000000] setup_percpu: NR_CPUS:8192 nr_cpumask_bits:2 nr_cpu_ids:2 nr_node_ids:1
[    0.000000] percpu: Embedded 45 pages/cpu s147456 r8192 d28672 u1048576
[    0.000000] PV qspinlock hash table entries: 256 (order: 0, 4096 bytes)
[    0.000000] Built 1 zonelists, mobility grouping on.  Total pages: 257913
[    0.000000] Policy zone: DMA32
[    0.000000] Kernel command line: BOOT_IMAGE=/boot/vmlinuz-4.15.0-159-generic root=LABEL=cloudimg-rootfs ro console=tty1 console=ttyS0
[    0.000000] Memory: 982708K/1048120K available (12300K kernel code, 2483K rwdata, 4320K rodata, 2448K init, 2724K bss, 65412K reserved, 0K cma-reserved)
[    0.000000] SLUB: HWalign=64, Order=0-3, MinObjects=0, CPUs=2, Nodes=1
[    0.000000] Kernel/User page tables isolation: enabled
[    0.000000] ftrace: allocating 39471 entries in 155 pages
[    0.004000] Hierarchical RCU implementation.
[    0.004000] 	RCU restricting CPUs from NR_CPUS=8192 to nr_cpu_ids=2.
[    0.004000] 	Tasks RCU enabled.
[    0.004000] RCU: Adjusting geometry for rcu_fanout_leaf=16, nr_cpu_ids=2
[    0.004000] NR_IRQS: 524544, nr_irqs: 440, preallocated irqs: 16
[    0.004000] Console: colour VGA+ 80x25
[    0.004000] console [tty1] enabled
[    0.004000] console [ttyS0] enabled
[    0.004000] ACPI: Core revision 20170831
[    0.004000] ACPI: 2 ACPI AML tables successfully acquired and loaded
[    0.004000] APIC: Switch to symmetric I/O mode setup
[    0.008000] ..TIMER: vector=0x30 apic1=0 pin1=2 apic2=-1 pin2=-1
[    0.008007] tsc: Detected 2496.000 MHz processor
[    0.012016] Calibrating delay loop (skipped) preset value.. 4992.00 BogoMIPS (lpj=9984000)
[    0.016015] pid_max: default: 32768 minimum: 301
[    0.020108] Security Framework initialized
[    0.024009] Yama: becoming mindful.
[    0.028157] AppArmor: AppArmor initialized
[    0.045081] Dentry cache hash table entries: 131072 (order: 8, 1048576 bytes)
[    0.053509] Inode-cache hash table entries: 65536 (order: 7, 524288 bytes)
[    0.056131] Mount-cache hash table entries: 2048 (order: 2, 16384 bytes)
[    0.060113] Mountpoint-cache hash table entries: 2048 (order: 2, 16384 bytes)
[    0.069400] Last level iTLB entries: 4KB 128, 2MB 8, 4MB 8
[    0.072008] Last level dTLB entries: 4KB 64, 2MB 0, 4MB 0, 1GB 4
[    0.076009] Spectre V1 : Mitigation: usercopy/swapgs barriers and __user pointer sanitization
[    0.080007] Spectre V2 : Mitigation: Full generic retpoline
[    0.084006] Spectre V2 : Spectre v2 / SpectreRSB mitigation: Filling RSB on context switch
[    0.088007] Speculative Store Bypass: Vulnerable
[    0.092060] MDS: Mitigation: Clear CPU buffers
[    0.096219] Freeing SMP alternatives memory: 36K
[    0.220200] APIC calibration not consistent with PM-Timer: 106ms instead of 100ms
[    0.224000] APIC delta adjusted to PM-Timer: 6380247 (6775375)
[    0.224702] smpboot: CPU0: Intel(R) Core(TM) i5-7300HQ CPU @ 2.50GHz (family: 0x6, model: 0x9e, stepping: 0x9)
[    0.232236] Performance Events: unsupported p6 CPU model 158 no PMU driver, software events only.
[    0.240035] Hierarchical SRCU implementation.
[    0.245129] NMI watchdog: Perf event create on CPU 0 failed with -2
[    0.248006] NMI watchdog: Perf NMI watchdog permanently disabled
[    0.252653] smp: Bringing up secondary CPUs ...
[    0.260905] x86: Booting SMP configuration:
[    0.264007] .... node  #0, CPUs:      #1
[    0.004000] kvm-clock: cpu 1, msr 0:3ff44041, secondary cpu clock
[    0.284000] TSC synchronization [CPU#0 -> CPU#1]:
[    0.284000] Measured 80447 cycles TSC warp between CPUs, turning off TSC clock.
[    0.284000] tsc: Marking TSC unstable due to check_tsc_sync_source failed
[    0.288272] smp: Brought up 1 node, 2 CPUs
[    0.292013] smpboot: Max logical packages: 1
[    0.296009] smpboot: Total of 2 processors activated (9984.00 BogoMIPS)
[    0.308320] devtmpfs: initialized
[    0.312163] x86/mm: Memory block size: 128MB
[    0.316565] evm: security.selinux
[    0.320033] evm: security.SMACK64
[    0.324006] evm: security.SMACK64EXEC
[    0.328007] evm: security.SMACK64TRANSMUTE
[    0.332031] evm: security.SMACK64MMAP
[    0.336007] evm: security.apparmor
[    0.340288] evm: security.ima
[    0.344007] evm: security.capability
[    0.352300] clocksource: jiffies: mask: 0xffffffff max_cycles: 0xffffffff, max_idle_ns: 7645041785100000 ns
[    0.376020] futex hash table entries: 512 (order: 3, 32768 bytes)
[    0.396429] pinctrl core: initialized pinctrl subsystem
[    0.416005] RTC time: 22:18:18, date: 10/18/21
[    0.428249] NET: Registered protocol family 16
[    0.444263] audit: initializing netlink subsys (disabled)
[    0.452319] audit: type=2000 audit(1634595506.202:1): state=initialized audit_enabled=0 res=1
[    0.456231] cpuidle: using governor ladder
[    0.472028] cpuidle: using governor menu
[    0.484080] ACPI: bus type PCI registered
[    0.500017] acpiphp: ACPI Hot Plug PCI Controller Driver version: 0.5
[    0.520663] PCI: Using configuration type 1 for base access
[    0.572554] HugeTLB registered 2.00 MiB page size, pre-allocated 0 pages
[    0.600408] ACPI: Added _OSI(Module Device)
[    0.616010] ACPI: Added _OSI(Processor Device)
[    0.624011] ACPI: Added _OSI(3.0 _SCP Extensions)
[    0.640013] ACPI: Added _OSI(Processor Aggregator Device)
[    0.656020] ACPI: Added _OSI(Linux-Dell-Video)
[    0.664010] ACPI: Added _OSI(Linux-Lenovo-NV-HDMI-Audio)
[    0.676012] ACPI: Added _OSI(Linux-HPI-Hybrid-Graphics)
[    0.692381] ACPI: Executed 1 blocks of module-level executable AML code
[    0.722793] ACPI: Interpreter enabled
[    0.732065] ACPI: (supports S0 S5)
[    0.736007] ACPI: Using IOAPIC for interrupt routing
[    0.748633] PCI: Using host bridge windows from ACPI; if necessary, use "pci=nocrs" and report a bug
[    0.760388] ACPI: Enabled 2 GPEs in block 00 to 07
[    0.788095] ACPI: PCI Root Bridge [PCI0] (domain 0000 [bus 00-ff])
[    0.796025] acpi PNP0A03:00: _OSC: OS supports [ASPM ClockPM Segments MSI]
[    0.813530] acpi PNP0A03:00: _OSC: not requesting OS control; OS requires [ExtendedConfig ASPM ClockPM MSI]
[    0.828030] acpi PNP0A03:00: fail to add MMCONFIG information, can't access extended PCI configuration space under this bridge.
[    0.849102] PCI host bridge to bus 0000:00
[    0.856018] pci_bus 0000:00: root bus resource [io  0x0000-0x0cf7 window]
[    0.868010] pci_bus 0000:00: root bus resource [io  0x0d00-0xffff window]
[    0.880015] pci_bus 0000:00: root bus resource [mem 0x000a0000-0x000bffff window]
[    0.896014] pci_bus 0000:00: root bus resource [mem 0x40000000-0xfdffffff window]
[    0.912052] pci_bus 0000:00: root bus resource [bus 00-ff]
[    0.933870] pci 0000:00:01.1: legacy IDE quirk: reg 0x10: [io  0x01f0-0x01f7]
[    0.944013] pci 0000:00:01.1: legacy IDE quirk: reg 0x14: [io  0x03f6]
[    0.956012] pci 0000:00:01.1: legacy IDE quirk: reg 0x18: [io  0x0170-0x0177]
[    0.964011] pci 0000:00:01.1: legacy IDE quirk: reg 0x1c: [io  0x0376]
[    1.053189] pci 0000:00:07.0: quirk: [io  0x4000-0x403f] claimed by PIIX4 ACPI
[    1.080068] pci 0000:00:07.0: quirk: [io  0x4100-0x410f] claimed by PIIX4 SMB
[    1.140267] ACPI: PCI Interrupt Link [LNKA] (IRQs 5 9 10 *11)
[    1.160117] ACPI: PCI Interrupt Link [LNKB] (IRQs 5 9 *10 11)
[    1.176396] ACPI: PCI Interrupt Link [LNKC] (IRQs 5 *9 10 11)
[    1.196337] ACPI: PCI Interrupt Link [LNKD] (IRQs 5 9 10 *11)
[    1.217125] SCSI subsystem initialized
[    1.232408] pci 0000:00:02.0: vgaarb: setting as boot VGA device
[    1.236000] pci 0000:00:02.0: vgaarb: VGA device added: decodes=io+mem,owns=io+mem,locks=none
[    1.276010] pci 0000:00:02.0: vgaarb: bridge control possible
[    1.296010] vgaarb: loaded
[    1.308122] ACPI: bus type USB registered
[    1.328253] usbcore: registered new interface driver usbfs
[    1.348032] usbcore: registered new interface driver hub
[    1.368037] usbcore: registered new device driver usb
[    1.400402] EDAC MC: Ver: 3.0.0
[    1.420332] PCI: Using ACPI for IRQ routing
[    1.469405] NetLabel: Initializing
[    1.484010] NetLabel:  domain hash size = 128
[    1.508008] NetLabel:  protocols = UNLABELED CIPSOv4 CALIPSO
[    1.532034] NetLabel:  unlabeled traffic allowed by default
[    1.560500] clocksource: Switched to clocksource kvm-clock
[    1.696871] VFS: Disk quotas dquot_6.6.0
[    1.706813] VFS: Dquot-cache hash table entries: 512 (order 0, 4096 bytes)
[    1.721683] AppArmor: AppArmor Filesystem Enabled
[    1.729642] pnp: PnP ACPI init
[    1.742787] pnp: PnP ACPI: found 3 devices
[    1.770511] clocksource: acpi_pm: mask: 0xffffff max_cycles: 0xffffff, max_idle_ns: 2085701024 ns
[    1.788008] NET: Registered protocol family 2
[    1.796371] IP idents hash table entries: 16384 (order: 5, 131072 bytes)
[    1.812634] TCP established hash table entries: 8192 (order: 4, 65536 bytes)
[    1.829671] TCP bind hash table entries: 8192 (order: 5, 131072 bytes)
[    1.845031] TCP: Hash tables configured (established 8192 bind 8192)
[    1.872379] UDP hash table entries: 512 (order: 2, 16384 bytes)
[    1.886271] UDP-Lite hash table entries: 512 (order: 2, 16384 bytes)
[    1.903227] NET: Registered protocol family 1
[    1.912424] pci 0000:00:00.0: Limiting direct PCI/PCI transfers
[    1.936812] pci 0000:00:01.0: Activating ISA DMA hang workarounds
[    1.947393] pci 0000:00:02.0: Video device with shadowed ROM at [mem 0x000c0000-0x000dffff]
[    1.976062] Unpacking initramfs...
[    3.212620] Freeing initrd memory: 19528K
[    3.223086] clocksource: tsc: mask: 0xffffffffffffffff max_cycles: 0x23fa772cf26, max_idle_ns: 440795269835 ns
[    3.245959] platform rtc_cmos: registered platform RTC device (no PNP device found)
[    3.266370] Scanning for low memory corruption every 60 seconds
[    3.279788] Initialise system trusted keyrings
[    3.292613] Key type blacklist registered
[    3.302521] workingset: timestamp_bits=36 max_order=18 bucket_order=0
[    3.314938] zbud: loaded
[    3.325248] squashfs: version 4.0 (2009/01/31) Phillip Lougher
[    3.337078] fuse init (API version 7.26)
[    3.379920] Key type asymmetric registered
[    3.391111] Asymmetric key parser 'x509' registered
[    3.398672] Block layer SCSI generic (bsg) driver version 0.4 loaded (major 246)
[    3.413306] io scheduler noop registered
[    3.421072] io scheduler deadline registered
[    3.427559] io scheduler cfq registered (default)
[    3.437568] ACPI: AC Adapter [AC] (on-line)
[    3.443877] input: Power Button as /devices/LNXSYSTM:00/LNXPWRBN:00/input/input0
[    3.456780] ACPI: Power Button [PWRF]
[    3.462715] input: Sleep Button as /devices/LNXSYSTM:00/LNXSLPBN:00/input/input1
[    3.474441] ACPI: Sleep Button [SLPF]
[    3.481305] Serial: 8250/16550 driver, 32 ports, IRQ sharing enabled
[    3.487056] ACPI: Battery Slot [BAT0] (battery present)
[    3.541196] 00:02: ttyS0 at I/O 0x3f8 (irq = 4, base_baud = 115200) is a 16550A
[    3.558158] Linux agpgart interface v0.103
[    3.571463] loop: module loaded
[    3.580827] scsi host0: ata_piix
[    3.592335] scsi host1: ata_piix
[    3.597402] ata1: PATA max UDMA/33 cmd 0x1f0 ctl 0x3f6 bmdma 0xd000 irq 14
[    3.609382] ata2: PATA max UDMA/33 cmd 0x170 ctl 0x376 bmdma 0xd008 irq 15
[    3.622344] libphy: Fixed MDIO Bus: probed
[    3.629531] tun: Universal TUN/TAP device driver, 1.6
[    3.641009] PPP generic driver version 2.4.2
[    3.647720] ehci_hcd: USB 2.0 'Enhanced' Host Controller (EHCI) Driver
[    3.659230] ehci-pci: EHCI PCI platform driver
[    3.666040] ehci-platform: EHCI generic platform driver
[    3.680492] ohci_hcd: USB 1.1 'Open' Host Controller (OHCI) Driver
[    3.693970] ohci-pci: OHCI PCI platform driver
[    3.702383] ohci-platform: OHCI generic platform driver
[    3.711750] uhci_hcd: USB Universal Host Controller Interface driver
[    3.723745] i8042: PNP: PS/2 Controller [PNP0303:PS2K,PNP0f03:PS2M] at 0x60,0x64 irq 1,12
[    3.743735] serio: i8042 KBD port at 0x60,0x64 irq 1
[    3.753968] serio: i8042 AUX port at 0x60,0x64 irq 12
[    3.761556] mousedev: PS/2 mouse device common for all mice
[    3.776959] input: AT Translated Set 2 keyboard as /devices/platform/i8042/serio0/input/input2
[    3.834641] rtc_cmos rtc_cmos: rtc core: registered rtc_cmos as rtc0
[    3.846354] rtc_cmos rtc_cmos: alarms up to one day, 114 bytes nvram
[    3.858558] i2c /dev entries driver
[    3.864471] device-mapper: uevent: version 1.0.3
[    3.874803] device-mapper: ioctl: 4.37.0-ioctl (2017-09-20) initialised: dm-devel@redhat.com
[    3.889518] ledtrig-cpu: registered to indicate activity on CPUs
[    3.901988] NET: Registered protocol family 10
[    3.926192] Segment Routing with IPv6
[    3.932417] NET: Registered protocol family 17
[    3.943928] Key type dns_resolver registered
[    3.951466] mce: Using 0 MCE banks
[    3.957638] RAS: Correctable Errors collector initialized.
[    3.965491] sched_clock: Marking stable (3965418459, 0)->(5711029292, -1745610833)
[    3.987019] registered taskstats version 1
[    3.993285] Loading compiled-in X.509 certificates
[    4.011526] Loaded X.509 cert 'Build time autogenerated kernel key: bf5768e0b2369bd53acb56866ca104cf5a2c379b'
[    4.027412] Loaded X.509 cert 'Canonical Ltd. Live Patch Signing: 14df34d1a87cf37625abec039ef2bf521249b969'
[    4.046919] Loaded X.509 cert 'Canonical Ltd. Kernel Module Signing: 88f752e560a1e0737e31163a466ad7b70a850c19'
[    4.061930] zswap: loaded using pool lzo/zbud
[    4.092902] Key type big_key registered
[    4.098433] Key type trusted registered
[    4.114480] Key type encrypted registered
[    4.122392] AppArmor: AppArmor sha1 policy hashing enabled
[    4.129952] ima: No TPM chip found, activating TPM-bypass! (rc=-19)
[    4.139707] ima: Allocated hash algorithm: sha1
[    4.145862] evm: HMAC attrs: 0x1
[    4.153465]   Magic number: 9:982:350
[    4.159811] rtc_cmos rtc_cmos: setting system clock to 2021-10-18 22:18:22 UTC (1634595502)
[    4.174222] BIOS EDD facility v0.16 2004-Jun-25, 0 devices found
[    4.182529] EDD information not available.
[    4.197495] Freeing unused kernel image memory: 2448K
[    4.224371] Write protecting the kernel read-only data: 20480k
[    4.236497] Freeing unused kernel image memory: 2008K
[    4.244761] Freeing unused kernel image memory: 1824K
[    4.265491] x86/mm: Checked W+X mappings: passed, no W+X pages found.
[    4.277739] x86/mm: Checking user space page tables
[    4.293588] x86/mm: Checked W+X mappings: passed, no W+X pages found.
Loading, please wait...
starting version 237
[    4.532941] Fusion MPT base driver 3.04.20
[    4.541696] Copyright (c) 1999-2008 LSI Corporation
[    4.549676] e1000: Intel(R) PRO/1000 Network Driver - version 7.3.21-k8-NAPI
[    4.563519] e1000: Copyright (c) 1999-2006 Intel Corporation.
[    4.622439] Fusion MPT SPI Host driver 3.04.20
[    4.947736] input: ImExPS/2 Generic Explorer Mouse as /devices/platform/i8042/serio1/input/input4
[    5.678240] e1000 0000:00:03.0 eth0: (PCI:33MHz:32-bit) 02:2f:77:f1:0c:e0
[    5.691853] e1000 0000:00:03.0 eth0: Intel(R) PRO/1000 Network Connection
[    5.713985] mptbase: ioc0: Initiating bringup
[    5.928566] ioc0: LSI53C1030 A0: Capabilities={Initiator}
[    7.083393] scsi host2: ioc0: LSI53C1030 A0, FwRev=00000000h, Ports=1, MaxQ=256, IRQ=20
[    7.677085] scsi 2:0:0:0: Direct-Access     VBOX     HARDDISK         1.0  PQ: 0 ANSI: 5
[    7.744500] scsi target2:0:0: Beginning Domain Validation
[    7.764739] scsi target2:0:0: Domain Validation skipping write tests
[    7.776408] scsi target2:0:0: Ending Domain Validation
[    7.788801] scsi target2:0:0: asynchronous
[    7.798050] random: fast init done
[    7.807401] scsi 2:0:1:0: Direct-Access     VBOX     HARDDISK         1.0  PQ: 0 ANSI: 5
[    8.180431] scsi target2:0:1: Beginning Domain Validation
[    8.200672] scsi target2:0:1: Domain Validation skipping write tests
[    8.213108] scsi target2:0:1: Ending Domain Validation
[    8.223930] scsi target2:0:1: asynchronous
[    8.258061] sd 2:0:0:0: [sda] 83886080 512-byte logical blocks: (42.9 GB/40.0 GiB)
[    8.265852] random: systemd-udevd: uninitialized urandom read (16 bytes read)
[    8.283723] sd 2:0:0:0: [sda] Write Protect is off
[    8.344851] random: systemd-udevd: uninitialized urandom read (16 bytes read)
[    8.379538] random: systemd-udevd: uninitialized urandom read (16 bytes read)
[    8.379510] sd 2:0:0:0: Attached scsi generic sg0 type 0
[    8.403657] sd 2:0:1:0: [sdb] 20480 512-byte logical blocks: (10.5 MB/10.0 MiB)
[    8.415005] sd 2:0:1:0: Attached scsi generic sg1 type 0
[    8.425594] sd 2:0:0:0: [sda] Incomplete mode parameter data
[    8.434988] sd 2:0:0:0: [sda] Assuming drive cache: write through
[    8.448029] sd 2:0:1:0: [sdb] Write Protect is off
[    8.457990] sd 2:0:1:0: [sdb] Incomplete mode parameter data
[    8.466368] sd 2:0:1:0: [sdb] Assuming drive cache: write through
[    8.486624]  sda: sda1
[    8.502557] sd 2:0:0:0: [sda] Attached SCSI disk
[    8.512491] sd 2:0:1:0: [sdb] Attached SCSI disk
[    9.026714] e1000 0000:00:08.0 eth1: (PCI:33MHz:32-bit) 08:00:27:af:76:31
[    9.036426] e1000 0000:00:08.0 eth1: Intel(R) PRO/1000 Network Connection
[    9.052599] e1000 0000:00:03.0 enp0s3: renamed from eth0
[    9.075343] e1000 0000:00:08.0 enp0s8: renamed from eth1
Begin: Loading essential drivers ... [   14.824699] raid6: sse2x1   gen()  6483 MB/s
[   14.884352] raid6: sse2x1   xor()  4072 MB/s
[   14.936768] raid6: sse2x2   gen()  8275 MB/s
[   14.988715] raid6: sse2x2   xor()  5561 MB/s
[   15.041000] raid6: sse2x4   gen()  9051 MB/s
[   15.098612] raid6: sse2x4   xor()  4718 MB/s
[   15.106215] raid6: using algorithm sse2x4 gen() 9051 MB/s
[   15.119649] raid6: .... xor() 4718 MB/s, rmw enabled
[   15.127036] raid6: using ssse3x2 recovery algorithm
[   15.143227] xor: measuring software checksum speed
[   15.192608]    prefetch64-sse: 14430.000 MB/sec
[   15.246252]    generic_sse: 14955.000 MB/sec
[   15.256558] xor: using function: generic_sse (14955.000 MB/sec)
[   15.276342] async_tx: api initialized (async)
done.
Begin: Running /scripts/init-premount ... done.
Begin: Mounting root file system ... Begin: Running /scripts/local-top ... done.
Begin: Running /scripts/local-premount ... [   15.423005] Btrfs loaded, crc32c=crc32c-intel
Scanning for Btrfs filesystems
done.
Warning: fsck not present, so skipping root file system
[   15.608864] EXT4-fs (sda1): mounted filesystem with ordered data mode. Opts: (null)
done.
Begin: Running /scripts/local-bottom ... done.
Begin: Running /scripts/init-bottom ... done.
[   16.107737] ip_tables: (C) 2000-2006 Netfilter Core Team
[   16.136467] systemd[1]: systemd 237 running in system mode. (+PAM +AUDIT +SELINUX +IMA +APPARMOR +SMACK +SYSVINIT +UTMP +LIBCRYPTSETUP +GCRYPT +GNUTLS +ACL +XZ +LZ4 +SECCOMP +BLKID +ELFUTILS +KMOD -IDN2 +IDN -PCRE2 default-hierarchy=hybrid)
[   16.168937] systemd[1]: Detected virtualization oracle.
[   16.175841] systemd[1]: Detected architecture x86-64.

Welcome to [1mUbuntu 18.04.6 LTS[0m!

[   16.239699] systemd[1]: Set hostname to <ubuntu>.
[   16.259743] systemd[1]: Initializing machine ID from random generator.
[   16.270594] systemd[1]: Installed transient /etc/machine-id file.
[   16.972443] systemd[1]: Reached target User and Group Name Lookups.
[[0;32m  OK  [0m] Reached target User and Group Name Lookups.
[   17.017111] systemd[1]: Created slice System Slice.
[[0;32m  OK  [0m] Created slice System Slice.
[   17.026182] systemd[1]: Listening on LVM2 poll daemon socket.
[[0;32m  OK  [0m] Listening on LVM2 poll daemon socket.
[   17.039456] systemd[1]: Started Forward Password Requests to Wall Directory Watch.
[[0;32m  OK  [0m] Started Forward Password Requests to Wall Directory Watch.
[[0;32m  OK  [0m] Listening on udev Kernel Socket.
[[0;32m  OK  [0m] Listening on udev Control Socket.
[[0;32m  OK  [0m] Set up automount Arbitrary Executab…rmats File System Automount Point.
[[0;32m  OK  [0m] Listening on Device-mapper event daemon FIFOs.
[[0;32m  OK  [0m] Listening on Network Service Netlink Socket.
[[0;32m  OK  [0m] Listening on Journal Audit Socket.
[[0;32m  OK  [0m] Created slice User and Session Slice.
[[0;32m  OK  [0m] Reached target System Time Synchronized.
[[0;32m  OK  [0m] Reached target Slices.
[[0;32m  OK  [0m] Listening on Syslog Socket.
[[0;32m  OK  [0m] Listening on Journal Socket.
         Starting udev Coldplug all Devices...
         Starting Load Kernel Modules...
         Mounting Kernel Debug File System...
         Mounting POSIX Message Queue File System...
[   17.158226] Loading iSCSI transport class v2.0-870.
         Starting Set the console keyboard layout...
         Mounting Huge Pages File System...
         Starting Uncomplicated firewall...
[[0;32m  OK  [0m] Reached target Swap.
[[0;32m  OK  [0m] Listening on fsck to fsckd communication Socket.
[   17.241022] iscsi: registered transport (tcp)
         Starting File System Check on Root Device...
[[0;32m  OK  [0m] Listening on LVM2 metadata daemon socket.
         Starting Monitoring of LVM2 mirrors…ng dmeventd or progress polling...
         Starting Create list of required st…ce nodes for the current kernel...
[[0;32m  OK  [0m] Created slice system-serial\x2dgetty.slice.
[[0;32m  OK  [0m] Listening on /dev/initctl Compatibility Named Pipe.
[[0;32m  OK  [0m] Listening on Journal Socket (/dev/log).
         Starting Journal Service...
[[0;32m  OK  [0m] Mounted Kernel Debug File System.
[[0;32m  OK  [0m] Mounted POSIX Message Queue File System.
[[0;32m  OK  [0m] Mounted Huge Pages File System.
[[0;32m  OK  [0m] Started Uncomplicated firewall.
[[0;32m  OK  [0m] Started File System Check on Root Device.
[[0;32m  OK  [0m] Started Create list of required sta…vice nodes for the current kernel.
[[0;32m  OK  [0m] Started File System Check Daemon to report status.
         Starting Create Static Device Nodes in /dev...[   17.532024] iscsi: registered transport (iser)

         Starting Remount Root and Kernel File Systems...
[[0;32m  OK  [0m] Started Load Kernel Modules.
[[0;32m  OK  [0m] Started LVM2 metadata daemon.
         Mounting Kernel Configuration File System...
         Mounting FUSE Control File System...
         Starting Apply Kernel Variables...
[[0;32m  OK  [0m] Started Create Static Device Nodes in /dev.
[[0;32m  OK  [0m] Mounted Kernel Configuration File System.
[[0;32m  OK  [0m] Mounted FUSE Control File System.
[[0;32m  OK  [0m] Started udev Coldplug all Devices.
[[0;32m  OK  [0m] Started Remount Root and Kernel File Systems.
[[0;32m  OK  [0m] Started Monitoring of LVM2 mirrors,…sing dmeventd or progress polling.
[[0;32m  OK  [0m] Started Journal Service.
[[0;32m  OK  [0m] Started Apply Kernel Variables.
         Starting Flush Journal to Persistent Storage...
         Starting Load/Save Random Seed...
         Starting udev Kernel Device Manager...
[[0;32m  OK  [0m] Started Load/Save Random Seed.
[[0;32m  OK  [0m] Started Set the console keyboard layout.
[[0;32m  OK  [0m] Reached target Local File Systems (Pre).
[[0;32m  OK  [0m] Reached target Local File Systems.
         Starting Commit a transient machine-id on disk...
         Starting Set console font and keymap...
         Starting Tell Plymouth To Write Out Runtime Data...
         Starting ebtables ruleset management...
         Starting AppArmor initialization...
[[0;32m  OK  [0m] Started Set console font and keymap.
[[0;32m  OK  [0m] Started Tell Plymouth To Write Out Runtime Data.
[[0;32m  OK  [0m] Started udev Kernel Device Manager.
[[0;32m  OK  [0m] Started Dispatch Password Requests to Console Directory Watch.
[[0;32m  OK  [0m] Reached target Local Encrypted Volumes.
[[0;32m  OK  [0m] Started Commit a transient machine-id on disk.
[[0;32m  OK  [0m] Started Flush Journal to Persistent Storage.
[[0;32m  OK  [0m] Started ebtables ruleset management.
         Starting Create Volatile Files and Directories...
[[0;32m  OK  [0m] Started Create Volatile Files and Directories.
         Starting Update UTMP about System Boot/Shutdown...
[[0;32m  OK  [0m] Started Update UTMP about System Boot/Shutdown.
[[0;32m  OK  [0m] Found device /dev/ttyS0.
[[0;32m  OK  [0m] Listening on Load/Save RF Kill Switch Status /dev/rfkill Watch.
[[0;32m  OK  [0m] Started AppArmor initialization.
         Starting Load AppArmor profiles managed internally by snapd...
         Starting Initial cloud-init job (pre-networking)...
[[0;32m  OK  [0m] Started Load AppArmor profiles managed internally by snapd.
[   24.495652] cloud-init[526]: Cloud-init v. 21.2-3-g899bfaa9-0ubuntu2~18.04.1 running 'init-local' at Mon, 18 Oct 2021 22:18:42 +0000. Up 23.68 seconds.
[[0;32m  OK  [0m] Started Initial cloud-init job (pre-networking).
[[0;32m  OK  [0m] Reached target Network (Pre).
         Starting Network Service...
[[0;32m  OK  [0m] Started Network Service.
         Starting Wait for Network to be Configured...
         Starting Network Name Resolution...
[[0;32m  OK  [0m] Started Network Name Resolution.
[[0;32m  OK  [0m] Reached target Network.
[[0;32m  OK  [0m] Reached target Host and Network Name Lookups.
[[0;32m  OK  [0m] Started Wait for Network to be Configured.
         Starting Initial cloud-init job (metadata service crawler)...
[   27.464641] cloud-init[630]: Cloud-init v. 21.2-3-g899bfaa9-0ubuntu2~18.04.1 running 'init' at Mon, 18 Oct 2021 22:18:45 +0000. Up 27.19 seconds.
[   27.472830] cloud-init[630]: ci-info: ++++++++++++++++++++++++++++++++++++++Net device info++++++++++++++++++++++++++++++++++++++
[   27.489028] cloud-init[630]: ci-info: +--------+-------+---------------------------+---------------+--------+-------------------+
[   27.503201] cloud-init[630]: ci-info: | Device |   Up  |          Address          |      Mask     | Scope  |     Hw-Address    |
[   27.513662] cloud-init[630]: ci-info: +--------+-------+---------------------------+---------------+--------+-------------------+
[   27.538279] cloud-init[630]: ci-info: | enp0s3 |  True |         10.0.2.15         | 255.255.255.0 | global | 02:2f:77:f1:0c:e0 |
[   27.551096] cloud-init[630]: ci-info: | enp0s3 |  True | fe80::2f:77ff:fef1:ce0/64 |       .       |  link  | 02:2f:77:f1:0c:e0 |
[   27.561077] cloud-init[630]: ci-info: | enp0s8 | False |             .             |       .       |   .    | 08:00:27:af:76:31 |
[   27.569986] cloud-init[630]: ci-info: |   lo   |  True |         127.0.0.1         |   255.0.0.0   |  host  |         .         |
[   27.657974] cloud-init[630]: ci-info: |   lo   |  True |          ::1/128          |       .       |  host  |         .         |
[   27.682696] cloud-init[630]: ci-info: +--------+-------+---------------------------+---------------+--------+-------------------+
[   27.693363] cloud-init[630]: ci-info: ++++++++++++++++++++++++++++Route IPv4 info+++++++++++++++++++++++++++++
[   27.702523] cloud-init[630]: ci-info: +-------+-------------+----------+-----------------+-----------+-------+
[   27.719351] cloud-init[630]: ci-info: | Route | Destination | Gateway  |     Genmask     | Interface | Flags |
[   27.733279] cloud-init[630]: ci-info: +-------+-------------+----------+-----------------+-----------+-------+
[   27.748016] cloud-init[630]: ci-info: |   0   |   0.0.0.0   | 10.0.2.2 |     0.0.0.0     |   enp0s3  |   UG  |
[   27.765194] cloud-init[630]: ci-info: |   1   |   10.0.2.0  | 0.0.0.0  |  255.255.255.0  |   enp0s3  |   U   |
[   27.776073] cloud-init[630]: ci-info: |   2   |   10.0.2.2  | 0.0.0.0  | 255.255.255.255 |   enp0s3  |   UH  |
[   27.787770] cloud-init[630]: ci-info: +-------+-------------+----------+-----------------+-----------+-------+
[   27.804892] cloud-init[630]: ci-info: +++++++++++++++++++Route IPv6 info+++++++++++++++++++
[   27.817601] cloud-init[630]: ci-info: +-------+-------------+---------+-----------+-------+
[   27.832163] cloud-init[630]: ci-info: | Route | Destination | Gateway | Interface | Flags |
[   27.846832] cloud-init[630]: ci-info: +-------+-------------+---------+-----------+-------+
[   27.863281] cloud-init[630]: ci-info: |   1   |  fe80::/64  |    ::   |   enp0s3  |   U   |
[   27.886378] cloud-init[630]: ci-info: |   3   |    local    |    ::   |   enp0s3  |   U   |
[   27.902812] cloud-init[630]: ci-info: |   4   |   ff00::/8  |    ::   |   enp0s3  |   U   |
[   27.917012] cloud-init[630]: ci-info: +-------+-------------+---------+-----------+-------+
[   29.649708] cloud-init[630]: Generating public/private rsa key pair.
[   29.658175] cloud-init[630]: Your identification has been saved in /etc/ssh/ssh_host_rsa_key.
[   29.670573] cloud-init[630]: Your public key has been saved in /etc/ssh/ssh_host_rsa_key.pub.
[   29.681296] cloud-init[630]: The key fingerprint is:
[   29.687883] cloud-init[630]: SHA256:oWK29lsW/wqwD+aCcbvIli6/Xt8+2wvF7a1uzSqh8Fo root@ubuntu-bionic
[   29.699033] cloud-init[630]: The key's randomart image is:
[   29.706453] cloud-init[630]: +---[RSA 2048]----+
[   29.717657] cloud-init[630]: |                 |
[   29.725170] cloud-init[630]: |                 |
[   29.737508] [[0;32m  OK  [0m] Started Initial cloud-init job (metadata service crawler).
[[0;32m  OK  [0m] Reached target Network is Online.
cloud-init         Starting Availability of block devices...
[[0;32m  OK  [0m] Reached target Remote File Systems (Pre).
[[0;32m  OK  [0m] Reached target Remote File Systems.
[[0;32m  OK  [0m] Reached target Cloud-config availability.
[630]: |        .        |
[   29.750180] cloud-init[630]: |       . o .     |
[   29.750660] cloud-init[630]: |    + o S o .    |
[   29.751249] cloud-init[630]: |  .o.o.o +.. .   |
[   29.751811] cloud-init[630]: |   =+.+oE....o.  |
[   29.753205] cloud-init[630]: |..++o= B++....o  |
[   29.753970] cloud-init[630]: | *B..o*+=o+*=.   |
[   29.754717] cloud-init[630]: +----[SHA256]-----+
[[0;32m  OK  [0m] Reached target System Initialization.
[   29.756051] cloud-init[630]: Generating public/private dsa key pair.
[   29.764741] cloud-init[630]: Your identification has been saved in /etc/ssh/ssh_host_dsa_key.
[   29.765207] cloud-init[630]: Your public key has been saved in /etc/ssh/ssh_host_dsa_key.pub.
[   29.765860] cloud-init[630]: The key fingerprint is:
[   29.767517] cloud-init[630]: SHA256:MrCHo8+PWzLZ/+fuLWVKC9+4ivsW2RigvYmnk9I2rOk root@ubuntu-bionic
[   29.770184] cloud-init[630]: The key's randomart image is:
[   29.770658] cloud-init[630]: +---[DSA 1024]----+
[   29.771389] [[0;32m  OK  [0m] Listening on UUID daemon activation socket.
         Starting Socket activation for snappy daemon.
cloud-init[630]: |                 |
[   29.781729] cloud-init[630]: |        .        |
[   29.782375] cloud-init[630]: |    .  o .       |
[   29.782909] cloud-init[630]: |     +. . .      |
[   29.784016] cloud-init[630]: |    + +.So =     |
[   29.785377] cloud-init[630]: |   . =.o+ = o o  |
[[0;32m  OK  [0m] Listening on Open-iSCSI iscsid Socket.
[[0;32m  OK  [0m] Started Daily Cleanup of Temporary Directories.
[[0;32m  OK  [0m] Started Ubuntu Advantage update messaging.
[[0;32m  OK  [0m] Started Daily apt download activities.
[[0;32m  OK  [0m] Listening on D-Bus System Message Bus Socket.
[   29.786441] cloud-init[630]: |  . +oo+   = B   |
[   29.898763]          Starting LXD - unix socket.
[[0;32m  OK  [0m] Started Daily apt upgrade and clean activities.
[[0;32m  OK  [0m] Started Message of the Day.
[[0;32m  OK  [0m] Listening on ACPID Listen Socket.
[[0;32m  OK  [0m] Started ACPI Events Check.
[[0;32m  OK  [0m] Started Discard unused blocks once a week.
[[0;32m  OK  [0m] Reached target Timers.
[[0;32m  OK  [0m] Reached target Paths.
[[0;32m  OK  [0m] Started Availability of block devices.
[[0;32m  OK  [0m] Listening on Socket activation for snappy daemon.
[[0;32m  OK  [0m] Listening on LXD - unix socket.
[[0;32m  OK  [0m] Reached target Sockets.
[[0;32m  OK  [0m] Reached target Basic System.
         Starting Dispatcher daemon for systemd-networkd...
[[0;32m  OK  [0m] Started Regular background program processing daemon.
cloud-init[630]: |   o.*O. .. B..  |
[   29.956105]          Starting Login Service...
cloud-init         Starting LSB: Record successful boot for GRUB...
[630]: |   .E*.o+=+*=o.  |         Starting Accounts Service...
         Starting LSB: automatic crash report generation...
         Starting Permit User Sessions...
         Starting Virtualbox guest utils...
         Starting System Logging Service...
[[0;32m  OK  [0m] Started FUSE filesystem for LXC.
         Starting LXD - container startup/shutdown...
[[0;32m  OK  [0m] Started D-Bus System Message Bus.

[   30.062485] cloud-init[630]: +----[SHA256]-----+
[   30.082025] cloud-init[630]: Generating public/private ecdsa key pair.
[   30.085584] cloud-init[630]: Your identification has been saved in /etc/ssh/ssh_host_ecdsa_key.
[   30.090424] cloud-init[630]: Your public key has been saved in /etc/ssh/ssh_host_ecdsa_key.pub.
[   30.097187] cloud-init[630]: The key fingerprint is:
[   30.099600] cloud-init[630]: SHA256:G8EVD3zKMGyUO89dOEQhxaJUkBrEew8q8dzu5q5Cm3g root@ubuntu-bionic
[   30.104509] cloud-init[630]: The key's randomart image is:
[   30.107421] cloud-init[630]: +---[ECDSA 256]---+
[   30.111441] cloud-init[630]: |     o.oo**=+.   |
[   30.114162] cloud-init[630]: |      o.O.o++    |
[   30.116553] cloud-init[630]: |       *o* =..   |
[   30.119149] cloud-init[630]: |    . o *.o o .  |
[   30.123366] cloud-init[630]: |     + +S* . o   |
[   30.139768] cloud-init[630]: |    o + .o+ .    |
[   30.149068] cloud-init[630]: |   o + ..        |
[   30.152379] cloud-init[630]: |  . E   o        |
[   30.154816] cloud-init[630]: |   . ..*+        |
[   30.159175] cloud-init[630]: +----[SHA256]-----+
[   30.181663] cloud-init[630]: Generating public/private ed25519 key pair.
[   30.197571] cloud-init[630]: Your identification has been saved in /etc/ssh/ssh_host_ed25519_key.
[   30.209152] cloud-init[630]: Your public key has been saved in /etc/ssh/ssh_host_ed25519_key.pub.
[   30.223545] cloud-init[630]: The key fingerprint is:
[   30.237199] cloud-init[630]: SHA256:i4awd3VcJWU12fnmSMQ3O8Nvk1CQJTCtqeBDgFbQUR0 root@ubuntu-bionic
[   30.257170] cloud-init[630]: The key's randomart image is:
[   30.271620] cloud-init[630]: +--[ED25519 256]--+
[   30.284737] cloud-init[630]: |   .=oo..E.o+=B+=|
[   30.299773] cloud-init[630]: |   o o   .  .*+=+|
[   30.313034] cloud-init[630]: |  .   .     +.o.+|
[   30.316058] cloud-init[630]: |       o . + ..=o|
[   30.318595] cloud-init[630]: |  .   o S +  ..+=|
[   30.322298] cloud-init[630]: |   o . = +    .o+|
[   30.325390] cloud-init[630]: |  . o + o      ..|
[   30.329394] cloud-init[630]: |   . o           |
[   30.334266] cloud-init[630]: |                 |
[   30.337616] cloud-init[630]: +----[SHA256]-----+
[[0;32m  OK  [0m] Started Login Service.
[[0;32m  OK  [0m] Started Unattended Upgrades Shutdown.
         Starting Pollinate to seed the pseudo random number generator...
[[0;32m  OK  [0m] Started irqbalance daemon.
[[0;32m  OK  [0m] Started Deferred execution scheduler.
         Starting Snap Daemon...
[[0;32m  OK  [0m] Started System Logging Service.
[[0;32m  OK  [0m] Started Permit User Sessions.
[[0;32m  OK  [0m] Started LXD - container startup/shutdown.
         Starting Authorization Manager...
         Starting Terminate Plymouth Boot Screen...
         Starting Hold until boot process finishes up...
[[0;32m  OK  [0m] Started Hold until boot process finishes up.
[[0;32m  OK  [0m] Started Serial Getty on ttyS0.
         Starting Set console scheme...
[[0;32m  OK  [0m] Started Terminate Plymouth Boot Screen.
[[0;32m  OK  [0m] Started Set console scheme.
[[0;32m  OK  [0m] Created slice system-getty.slice.
[[0;32m  OK  [0m] Started Getty on tty1.
[[0;32m  OK  [0m] Reached target Login Prompts.
[[0;32m  OK  [0m] Started LSB: automatic crash report generation.
[[0;32m  OK  [0m] Started LSB: Record successful boot for GRUB.
[[0;32m  OK  [0m] Started Authorization Manager.
[[0;32m  OK  [0m] Started Accounts Service.
[[0;32m  OK  [0m] Started Dispatcher daemon for systemd-networkd.
[[0;32m  OK  [0m] Started Virtualbox guest utils.
[[0;32m  OK  [0m] Started Snap Daemon.
         Starting Wait until snapd is fully seeded...
[[0;32m  OK  [0m] Started Pollinate to seed the pseudo random number generator.
         Starting OpenBSD Secure Shell server...
[[0;32m  OK  [0m] Started OpenBSD Secure Shell server.
[[0;32m  OK  [0m] Created slice User Slice of vagrant.
         Starting User Manager for UID 1000...
[[0;32m  OK  [0m] Started Session 1 of user vagrant.
[[0;32m  OK  [0m] Started User Manager for UID 1000.
[[0;32m  OK  [0m] Started Wait until snapd is fully seeded.
         Starting Apply the settings specified in cloud-config...
[[0;32m  OK  [0m] Reached target Multi-User System.
[[0;32m  OK  [0m] Reached target Graphical Interface.
         Starting Update UTMP about System Runlevel Changes...

Ubuntu 18.04.6 LTS ubuntu-bionic ttyS0

ubuntu-bionic login: [   39.263932] cloud-init[1096]: Cloud-init v. 21.2-3-g899bfaa9-0ubuntu2~18.04.1 running 'modules:config' at Mon, 18 Oct 2021 22:18:55 +0000. Up 37.34 seconds.
ci-info: no authorized SSH keys fingerprints found for user ubuntu.
<14>Oct 18 22:18:58 cloud-init: #############################################################
<14>Oct 18 22:18:58 cloud-init: -----BEGIN SSH HOST KEY FINGERPRINTS-----
<14>Oct 18 22:18:58 cloud-init: 1024 SHA256:MrCHo8+PWzLZ/+fuLWVKC9+4ivsW2RigvYmnk9I2rOk root@ubuntu-bionic (DSA)
<14>Oct 18 22:18:58 cloud-init: 256 SHA256:G8EVD3zKMGyUO89dOEQhxaJUkBrEew8q8dzu5q5Cm3g root@ubuntu-bionic (ECDSA)
<14>Oct 18 22:18:59 cloud-init: 256 SHA256:i4awd3VcJWU12fnmSMQ3O8Nvk1CQJTCtqeBDgFbQUR0 root@ubuntu-bionic (ED25519)
<14>Oct 18 22:18:59 cloud-init: 2048 SHA256:oWK29lsW/wqwD+aCcbvIli6/Xt8+2wvF7a1uzSqh8Fo root@ubuntu-bionic (RSA)
<14>Oct 18 22:18:59 cloud-init: -----END SSH HOST KEY FINGERPRINTS-----
<14>Oct 18 22:18:59 cloud-init: #############################################################
-----BEGIN SSH HOST KEY KEYS-----
ecdsa-sha2-nistp256 AAAAE2VjZHNhLXNoYTItbmlzdHAyNTYAAAAIbmlzdHAyNTYAAABBBI8Tt7cveYoml8IlPEqozl+m/8batO3/8RM3kRQiNRMUk3mpMuOlqD6paeoanA3PT+dtCQ5ed7je7jfRYJXuip8= root@ubuntu-bionic
ssh-ed25519 AAAAC3NzaC1lZDI1NTE5AAAAIN894Zrg1G5axtPb6QKGTUyNeBpM7Sh0nz5rCPkPr4ax root@ubuntu-bionic
ssh-rsa AAAAB3NzaC1yc2EAAAADAQABAAABAQDRMckYxEy/JR5w7703yk692AV+Hz+zY6dCGnePveeRxwN4TI731iu49cQ9xEJPZmtnEtu4mL6A7/Rc+MRI/v5qhzMJASYBDPGXlv9cFMS/IhOGNzG++Yt9vNGP8yRf4xgi66e1Dv0liU1pMNxM8sIjsctRjFe4MstsT97vYOwz5TvzdcGUz0FcL7crrsPWZHBEC39hfBbAGDlAoulXvxFzbc6967k8GIsNNqEBYXFOqNO+LnWhmGxSQ8ZRHKHPfKxfP3TyqiD3vgU+zdLH31phmr34QkW6JntB4son4lPyXDzsKCwxxu4tITbK85g7MDXiNrqEctfDRsrIr4jOXrhb root@ubuntu-bionic
-----END SSH HOST KEY KEYS-----
[   40.815779] cloud-init[1212]: Cloud-init v. 21.2-3-g899bfaa9-0ubuntu2~18.04.1 running 'modules:final' at Mon, 18 Oct 2021 22:18:58 +0000. Up 40.18 seconds.
[   40.816524] cloud-init[1212]: ci-info: no authorized SSH keys fingerprints found for user ubuntu.
[   40.817043] cloud-init[1212]: Cloud-init v. 21.2-3-g899bfaa9-0ubuntu2~18.04.1 finished at Mon, 18 Oct 2021 22:18:59 +0000. Datasource DataSourceNoCloud [seed=/dev/sdb][dsmode=net].  Up 40.73 seconds
